<?xml version='1.0' encoding='utf-8'?>
<testsuites name="mcp-probe" tests="10" failures="0" errors="0" skipped="4"><testsuite name="lifecycle" tests="6" failures="0" errors="0" skipped="2" time="0.563375"><testcase classname="lifecycle" name="INIT-001: Protocol handshake or discovery succeeds" time="0.562399"><system-out>Handshake complete</system-out></testcase><testcase classname="lifecycle" name="INIT-002: Requested protocol version is supported" time="0.000013"><system-out>2025-11-25</system-out></testcase><testcase classname="lifecycle" name="INIT-003: Capabilities and server identity are well formed" time="0.000013"><system-out>Validated capability objects and server identity</system-out></testcase><testcase classname="lifecycle" name="INIT-004: Server responds after handshake or discovery" time="0.000925"><system-out>Server responded successfully</system-out></testcase><testcase classname="lifecycle" name="INIT-005: Observe requests before legacy initialization" time="0.000016"><skipped message="Legacy isolated probe; requires --active" /></testcase><testcase classname="lifecycle" name="INIT-006: Observe repeated legacy initialization" time="0.000009"><skipped message="Legacy isolated probe; requires --active" /></testcase></testsuite><testsuite name="prompts" tests="4" failures="0" errors="0" skipped="2" time="0.000860"><testcase classname="prompts" name="PROMPT-001: prompts/list returns a list of prompts" time="0.000820"><system-out>Found 2 prompts</system-out></testcase><testcase classname="prompts" name="PROMPT-002: Prompt names and optional descriptions are valid" time="0.000024"><system-out>All 2 prompts have required fields</system-out></testcase><testcase classname="prompts" name="PROMPT-003: prompts/get returns messages" time="0.000009"><skipped message="Content retrieval requires --active" /></testcase><testcase classname="prompts" name="PROMPT-004: prompts/list pagination works" time="0.000007"><skipped message="Server returned all prompts in a single page" /></testcase></testsuite></testsuites>
